snp_casz1_nofloridae
[1] "/user/doau0129/work/hamlet_description//outputs/6_genotyping/6_1_snp/snp_casz1_nofloridae.vcf.gz"
[2] "/user/doau0129/work/hamlet_description//figures/"                                                
[3] "snp_casz1_nofloridae_kosmas"                                                                     
Start file conversion from VCF to SNP GDS ...
Method: exacting biallelic SNPs
Number of samples: 42
Parsing "/user/doau0129/work/hamlet_description//outputs/6_genotyping/6_1_snp/snp_casz1_nofloridae.vcf.gz" ...
	import 1952 variants.
+ genotype   { Bit2 42x1952, 20.0K } *
Optimize the access efficiency ...
Clean up the fragments of GDS file:
    open the file '/user/doau0129/work/hamlet_description//figures/snp_casz1_nofloridae_kosmas.gds' (33.7K)
    # of fragments: 46
    save to '/user/doau0129/work/hamlet_description//figures/snp_casz1_nofloridae_kosmas.gds.tmp'
    rename '/user/doau0129/work/hamlet_description//figures/snp_casz1_nofloridae_kosmas.gds.tmp' (33.4K, reduced: 312B)
    # of fragments: 20
SNP pruning based on LD:
Excluding 281 SNPs (monomorphic: TRUE, MAF: NaN, missing rate: NaN)
    # of samples: 42
    # of SNPs: 1,671
    using 1 thread
    sliding window: 500,000 basepairs, Inf SNPs
    |LD| threshold: 0.2
    method: composite
Chromosome LG12: 1.23%, 24/1,952
24 markers are selected in total.
Principal Component Analysis (PCA) on genotypes:
Excluding 0 SNP (monomorphic: TRUE, MAF: NaN, missing rate: NaN)
    # of samples: 42
    # of SNPs: 24
    using 2 threads
    # of principal components: 32
PCA:    the sum of all selected genotypes (0,1,2) = 1895
CPU capabilities: Double-Precision SSE2 AVX
Tue Jul 27 10:46:04 2021    (internal increment: 92744)
[..................................................]  0%, ETC: ---        [==================================================] 100%, completed, 0s
Tue Jul 27 10:46:04 2021    Begin (eigenvalues and eigenvectors)
Tue Jul 27 10:46:04 2021    Done.
List of 8
 $ sample.id: chr [1:42] "16_21-30nigpan" "16_31-40unipan" "18418nigpan" "18419puepan" ...
 $ snp.id   : int [1:24] 240 243 244 245 247 248 252 261 263 265 ...
 $ eigenval : num [1:42] 2.93 1.99 1.79 1.79 1.77 ...
 $ eigenvect: num [1:42, 1:32] 0.116 0.116 -0.304 0.119 0.116 ...
 $ varprop  : num [1:42] 0.0716 0.0485 0.0437 0.0435 0.0431 ...
 $ TraceXTX : num 1994
 $ Bayesian : logi FALSE
 $ genmat   : NULL
 - attr(*, "class")= chr "snpgdsPCAClass"
